<?xml version="1.0" encoding="UTF-8"?>
<!-- Generated by org.testng.reporters.JUnitReportReporter -->
<testsuite hostname="LAPTOP-IPIJRB2N" failures="0" tests="1" name="practice.Demo" time="2.063" errors="0" timestamp="2023-01-07T00:07:21 IST" skipped="0">
  <testcase classname="practice.Demo" name="satya" time="2.063"/>
  <system-out/>
</testsuite> <!-- practice.Demo -->
