<?xml version="1.0" encoding="UTF-8"?>
<!-- Generated by org.testng.reporters.JUnitReportReporter -->
<testsuite hostname="LAPTOP-IPIJRB2N" failures="0" tests="4" name="practice.DataDrivenTesting" time="98.895" errors="0" timestamp="2023-01-07T03:54:02 IST" skipped="0">
  <testcase classname="practice.DataDrivenTesting" name="LoginTest" time="5.879"/>
  <system-out/>
  <testcase classname="practice.DataDrivenTesting" name="LoginTest" time="31.114"/>
  <system-out/>
  <testcase classname="practice.DataDrivenTesting" name="LoginTest" time="30.641"/>
  <system-out/>
  <testcase classname="practice.DataDrivenTesting" name="LoginTest" time="31.261"/>
  <system-out/>
</testsuite> <!-- practice.DataDrivenTesting -->
